<?xml version="1.0" encoding="UTF-8"?>
<!-- Generated by org.testng.reporters.JUnitReportReporter -->
<testsuite hostname="Shiva" failures="0" tests="2" name="pac2.ContactTest" time="0.000" errors="0" timestamp="19 Sep 2024 07:19:17 GMT" skipped="0">
  <testcase classname="pac2.ContactTest" name="createContactTest" time="0.000"/>
  <testcase classname="pac2.ContactTest" name="modifyContactTest" time="0.000"/>
</testsuite> <!-- pac2.ContactTest -->
