<?xml version="1.0" encoding="UTF-8"?>
<!-- Generated by org.testng.reporters.JUnitReportReporter -->
<testsuite hostname="Shiva" failures="0" tests="2" name="pac1.OrgTest" time="0.009" errors="0" timestamp="19 Sep 2024 07:19:17 GMT" skipped="0">
  <testcase classname="pac1.OrgTest" name="createContactTest" time="0.008"/>
  <testcase classname="pac1.OrgTest" name="modifyContactTest" time="0.001"/>
</testsuite> <!-- pac1.OrgTest -->
