<?xml version="1.0" encoding="UTF-8"?>
<!-- Generated by org.testng.reporters.JUnitReportReporter -->
<testsuite hostname="Shiva" failures="0" tests="1" name="pac3.OrganizationTest" time="0.012" errors="0" timestamp="19 Sep 2024 09:35:53 GMT" skipped="0">
  <testcase classname="pac3.OrganizationTest" name="createContactTest" time="0.012"/>
</testsuite> <!-- pac3.OrganizationTest -->
