<?xml version="1.0" encoding="UTF-8"?>
<!-- Generated by org.testng.reporters.JUnitReportReporter -->
<testsuite hostname="Shiva" failures="0" tests="2" name="pac1.OrgTest" time="0.012" errors="0" timestamp="19 Sep 2024 10:04:10 GMT" skipped="0">
  <testcase classname="pac1.OrgTest" name="createContactTest" time="0.010"/>
  <testcase classname="pac1.OrgTest" name="modifyContactTest" time="0.002"/>
</testsuite> <!-- pac1.OrgTest -->
